<?xml version="1.0" encoding="UTF-8"?>
<!-- Generated by org.testng.reporters.JUnitReportReporter -->
<testsuite hostname="DESKTOP-3PM2OQL" failures="0" tests="3" name="elementSuite.LoginTest" time="17.580" errors="0" timestamp="2024-04-17T10:41:14 EAT" skipped="0">
  <testcase classname="elementSuite.LoginTest" name="loginWrongPassword" time="5.972"/>
  <system-out/>
  <testcase classname="elementSuite.LoginTest" name="loginFullCreds" time="5.992"/>
  <system-out/>
  <testcase classname="elementSuite.LoginTest" name="loginWrongUserName" time="5.616"/>
  <system-out/>
</testsuite> <!-- elementSuite.LoginTest -->
