<?xml version="1.0" encoding="UTF-8"?>
<!-- Generated by org.testng.reporters.JUnitReportReporter -->
<testsuite skipped="0" hostname="LT-EONYANGO" name="elementSuite.ContextMenuTest" tests="2" failures="0" timestamp="2021-03-22T11:48:14 EAT" time="19.710" errors="0">
  <testcase name="contextClick" time="5.230" classname="elementSuite.ContextMenuTest"/>
  <system-out/>
  <testcase name="alert" time="14.480" classname="elementSuite.ContextMenuTest"/>
  <system-out/>
</testsuite> <!-- elementSuite.ContextMenuTest -->
