<?xml version="1.0" encoding="UTF-8"?>
<!-- Generated by org.testng.reporters.JUnitReportReporter -->
<testsuite skipped="0" hostname="LT-EONYANGO" name="elementSuite.ContextMenuTest" tests="2" failures="0" timestamp="2021-03-22T16:11:12 EAT" time="22.542" errors="0">
  <testcase name="alert" time="13.818" classname="elementSuite.ContextMenuTest"/>
  <system-out/>
  <testcase name="contextClick" time="8.724" classname="elementSuite.ContextMenuTest"/>
  <system-out/>
</testsuite> <!-- elementSuite.ContextMenuTest -->
