<?xml version="1.0" encoding="UTF-8"?>
<!-- Generated by org.testng.reporters.JUnitReportReporter -->
<testsuite skipped="0" hostname="LT-EONYANGO" name="elementSuite.DynamicContent" tests="4" failures="0" timestamp="2021-03-16T14:51:24 EAT" time="185.069" errors="0">
  <testcase name="addCheckBox" time="63.679" classname="elementSuite.DynamicContent"/>
  <system-out/>
  <testcase name="removeCheckBox" time="49.360" classname="elementSuite.DynamicContent"/>
  <system-out/>
  <testcase name="disableInputField" time="55.914" classname="elementSuite.DynamicContent"/>
  <system-out/>
  <testcase name="enableInputField" time="16.116" classname="elementSuite.DynamicContent"/>
  <system-out/>
</testsuite> <!-- elementSuite.DynamicContent -->
