<?xml version="1.0" encoding="UTF-8"?>
<!-- Generated by org.testng.reporters.JUnitReportReporter -->
<testsuite skipped="0" hostname="LT-EONYANGO" name="elementSuite.AddRemove" tests="2" failures="0" timestamp="2021-03-13T05:59:18 EAT" time="72.775" errors="0">
  <testcase name="exclusion" time="57.326" classname="elementSuite.AddRemove"/>
  <system-out/>
  <testcase name="inclusion" time="15.449" classname="elementSuite.AddRemove"/>
  <system-out/>
</testsuite> <!-- elementSuite.AddRemove -->
