<?xml version="1.0" encoding="UTF-8"?>
<!-- Generated by org.testng.reporters.JUnitReportReporter -->
<testsuite skipped="0" hostname="LT-EONYANGO" name="elementSuite.DynamicContentTest" tests="4" failures="0" timestamp="2021-03-22T15:59:34 EAT" time="51.861" errors="0">
  <testcase name="removeCheckBox" time="10.862" classname="elementSuite.DynamicContentTest"/>
  <system-out/>
  <testcase name="enableInputField" time="10.966" classname="elementSuite.DynamicContentTest"/>
  <system-out/>
  <testcase name="disableInputField" time="15.566" classname="elementSuite.DynamicContentTest"/>
  <system-out/>
  <testcase name="addCheckBox" time="14.467" classname="elementSuite.DynamicContentTest"/>
  <system-out/>
</testsuite> <!-- elementSuite.DynamicContentTest -->
