<?xml version="1.0" encoding="UTF-8"?>
<!-- Generated by org.testng.reporters.JUnitReportReporter -->
<testsuite skipped="0" hostname="LT-EONYANGO" name="elementSuite.LoginTest" tests="3" failures="0" timestamp="2021-03-22T15:59:34 EAT" time="23.206" errors="0">
  <testcase name="loginFullCreds" time="6.955" classname="elementSuite.LoginTest"/>
  <system-out/>
  <testcase name="loginWrongPassword" time="8.067" classname="elementSuite.LoginTest"/>
  <system-out/>
  <testcase name="loginWrongUserName" time="8.184" classname="elementSuite.LoginTest"/>
  <system-out/>
</testsuite> <!-- elementSuite.LoginTest -->
