<?xml version="1.0" encoding="UTF-8"?>
<!-- Generated by org.testng.reporters.JUnitReportReporter -->
<testsuite skipped="0" hostname="LT-EONYANGO" name="elementSuite.AddRemoveTest" tests="2" failures="0" timestamp="2021-03-22T15:59:34 EAT" time="29.106" errors="0">
  <testcase name="inclusion" time="8.672" classname="elementSuite.AddRemoveTest"/>
  <system-out/>
  <testcase name="exclusion" time="20.434" classname="elementSuite.AddRemoveTest"/>
  <system-out/>
</testsuite> <!-- elementSuite.AddRemoveTest -->
