<?xml version="1.0" encoding="UTF-8"?>
<!-- Generated by org.testng.reporters.JUnitReportReporter -->
<testsuite skipped="0" hostname="LT-EONYANGO" name="elementSuite.AddRemoveTest" tests="2" failures="0" timestamp="2021-03-23T12:33:39 EAT" time="31.355" errors="0">
  <testcase name="exclusion" time="21.587" classname="elementSuite.AddRemoveTest"/>
  <system-out/>
  <testcase name="inclusion" time="9.768" classname="elementSuite.AddRemoveTest"/>
  <system-out/>
</testsuite> <!-- elementSuite.AddRemoveTest -->
