<?xml version="1.0" encoding="UTF-8"?>
<!-- Generated by org.testng.reporters.JUnitReportReporter -->
<testsuite hostname="DESKTOP-3PM2OQL" failures="0" tests="3" name="cucumberOptions.TestRunner" time="144.306" errors="0" timestamp="2024-04-17T10:38:54 EAT" skipped="0">
  <testcase classname="cucumberOptions.TestRunner" name="feature" time="38.759"/>
  <system-out/>
  <testcase classname="cucumberOptions.TestRunner" name="feature" time="80.466"/>
  <system-out/>
  <testcase classname="cucumberOptions.TestRunner" name="feature" time="25.081"/>
  <system-out/>
</testsuite> <!-- cucumberOptions.TestRunner -->
