<?xml version="1.0" encoding="UTF-8"?>
<!-- Generated by org.testng.reporters.JUnitReportReporter -->
<testsuite hostname="DESKTOP-3PM2OQL" failures="0" tests="2" name="elementSuite.ContextMenuTest" time="9.250" errors="0" timestamp="2024-04-17T10:41:14 EAT" skipped="0">
  <testcase classname="elementSuite.ContextMenuTest" name="alert" time="4.511"/>
  <system-out/>
  <testcase classname="elementSuite.ContextMenuTest" name="contextClick" time="4.739"/>
  <system-out/>
</testsuite> <!-- elementSuite.ContextMenuTest -->
