<?xml version="1.0" encoding="UTF-8"?>
<!-- Generated by org.testng.reporters.JUnitReportReporter -->
<testsuite skipped="0" hostname="LT-EONYANGO" name="elementSuite.ContextMenuTest" tests="2" failures="0" timestamp="2021-03-17T13:43:17 EAT" time="61.305" errors="0">
  <testcase name="contextClick" time="14.983" classname="elementSuite.ContextMenuTest"/>
  <system-out/>
  <testcase name="alert" time="46.322" classname="elementSuite.ContextMenuTest"/>
  <system-out/>
</testsuite> <!-- elementSuite.ContextMenuTest -->
