<?xml version="1.0" encoding="UTF-8"?>
<!-- Generated by org.testng.reporters.JUnitReportReporter -->
<testsuite skipped="0" hostname="LT-EONYANGO" name="elementSuite.ContextMenu" tests="2" failures="0" timestamp="2021-03-16T14:51:24 EAT" time="88.104" errors="0">
  <testcase name="contextClick" time="32.451" classname="elementSuite.ContextMenu"/>
  <system-out/>
  <testcase name="alert" time="55.653" classname="elementSuite.ContextMenu"/>
  <system-out/>
</testsuite> <!-- elementSuite.ContextMenu -->
