<?xml version="1.0" encoding="UTF-8"?>
<!-- Generated by org.testng.reporters.JUnitReportReporter -->
<testsuite skipped="0" hostname="LT-EONYANGO" name="elementSuite.LoginTest" tests="3" failures="0" timestamp="2021-03-23T12:33:39 EAT" time="20.993" errors="0">
  <testcase name="loginFullCreds" time="7.379" classname="elementSuite.LoginTest"/>
  <system-out/>
  <testcase name="loginWrongPassword" time="7.518" classname="elementSuite.LoginTest"/>
  <system-out/>
  <testcase name="loginWrongUserName" time="6.096" classname="elementSuite.LoginTest"/>
  <system-out/>
</testsuite> <!-- elementSuite.LoginTest -->
