<?xml version="1.0" encoding="UTF-8"?>
<!-- Generated by org.testng.reporters.JUnitReportReporter -->
<testsuite skipped="0" hostname="LT-EONYANGO" name="elementSuite.ContextMenu" tests="2" failures="0" timestamp="2021-03-13T05:59:18 EAT" time="69.600" errors="0">
  <testcase name="alert" time="53.453" classname="elementSuite.ContextMenu"/>
  <system-out/>
  <testcase name="contextClick" time="16.147" classname="elementSuite.ContextMenu"/>
  <system-out/>
</testsuite> <!-- elementSuite.ContextMenu -->
