<?xml version="1.0" encoding="UTF-8"?>
<!-- Generated by org.testng.reporters.JUnitReportReporter -->
<testsuite skipped="0" hostname="LT-EONYANGO" name="elementSuite.AddRemove" tests="2" failures="0" timestamp="2021-03-16T14:51:24 EAT" time="84.964" errors="0">
  <testcase name="exclusion" time="60.578" classname="elementSuite.AddRemove"/>
  <system-out/>
  <testcase name="inclusion" time="24.386" classname="elementSuite.AddRemove"/>
  <system-out/>
</testsuite> <!-- elementSuite.AddRemove -->
