<?xml version="1.0" encoding="UTF-8"?>
<!-- Generated by org.testng.reporters.JUnitReportReporter -->
<testsuite skipped="0" hostname="LT-EONYANGO" name="elementSuite.DynamicContentTest" tests="4" failures="0" timestamp="2021-03-23T12:33:39 EAT" time="41.618" errors="0">
  <testcase name="removeCheckBox" time="8.703" classname="elementSuite.DynamicContentTest"/>
  <system-out/>
  <testcase name="enableInputField" time="9.708" classname="elementSuite.DynamicContentTest"/>
  <system-out/>
  <testcase name="addCheckBox" time="11.746" classname="elementSuite.DynamicContentTest"/>
  <system-out/>
  <testcase name="disableInputField" time="11.461" classname="elementSuite.DynamicContentTest"/>
  <system-out/>
</testsuite> <!-- elementSuite.DynamicContentTest -->
