<?xml version="1.0" encoding="UTF-8"?>
<!-- Generated by org.testng.reporters.JUnitReportReporter -->
<testsuite hostname="Demore" failures="0" tests="3" name="cucumberOptions.TestRunner" time="163.919" errors="0" timestamp="2021-04-07T15:45:26 EAT" skipped="0">
  <testcase classname="cucumberOptions.TestRunner" name="feature" time="53.071"/>
  <system-out/>
  <testcase classname="cucumberOptions.TestRunner" name="feature" time="51.590"/>
  <system-out/>
  <testcase classname="cucumberOptions.TestRunner" name="feature" time="59.258"/>
  <system-out/>
</testsuite> <!-- cucumberOptions.TestRunner -->
