<?xml version="1.0" encoding="UTF-8"?>
<!-- Generated by org.testng.reporters.JUnitReportReporter -->
<testsuite skipped="0" hostname="LT-EONYANGO" name="elementSuite.LoginTest" tests="1" failures="0" timestamp="2021-03-17T12:57:55 EAT" time="44.668" errors="0">
  <testcase name="loginWrongUserName" time="44.668" classname="elementSuite.LoginTest"/>
  <system-out/>
</testsuite> <!-- elementSuite.LoginTest -->
