<?xml version="1.0" encoding="UTF-8"?>
<!-- Generated by org.testng.reporters.JUnitReportReporter -->
<testsuite skipped="0" hostname="LT-EONYANGO" name="elementSuite.Login" tests="3" failures="0" timestamp="2021-03-16T14:35:27 EAT" time="72.349" errors="0">
  <testcase name="loginWrongUserName" time="13.100" classname="elementSuite.Login"/>
  <system-out/>
  <testcase name="loginWrongPassword" time="13.757" classname="elementSuite.Login"/>
  <system-out/>
  <testcase name="loginFullCreds" time="45.492" classname="elementSuite.Login"/>
  <system-out/>
</testsuite> <!-- elementSuite.Login -->
