<?xml version="1.0" encoding="UTF-8"?>
<!-- Generated by org.testng.reporters.JUnitReportReporter -->
<testsuite skipped="0" hostname="LT-EONYANGO" name="elementSuite.DynamicContent" tests="4" failures="0" timestamp="2021-03-13T05:59:18 EAT" time="178.229" errors="0">
  <testcase name="enableInputField" time="15.964" classname="elementSuite.DynamicContent"/>
  <system-out/>
  <testcase name="removeCheckBox" time="47.812" classname="elementSuite.DynamicContent"/>
  <system-out/>
  <testcase name="disableInputField" time="52.709" classname="elementSuite.DynamicContent"/>
  <system-out/>
  <testcase name="addCheckBox" time="61.744" classname="elementSuite.DynamicContent"/>
  <system-out/>
</testsuite> <!-- elementSuite.DynamicContent -->
