<?xml version="1.0" encoding="UTF-8"?>
<!-- Generated by org.testng.reporters.JUnitReportReporter -->
<testsuite skipped="0" hostname="LT-EONYANGO" name="elementSuite.ContextMenuTest" tests="2" failures="0" timestamp="2021-03-23T12:33:39 EAT" time="11.578" errors="0">
  <testcase name="alert" time="5.121" classname="elementSuite.ContextMenuTest"/>
  <system-out/>
  <testcase name="contextClick" time="6.457" classname="elementSuite.ContextMenuTest"/>
  <system-out/>
</testsuite> <!-- elementSuite.ContextMenuTest -->
