<?xml version="1.0" encoding="UTF-8"?>
<!-- Generated by org.testng.reporters.JUnitReportReporter -->
<testsuite skipped="0" hostname="LT-EONYANGO" name="cucumberOptions.TestRunner" tests="1" failures="0" timestamp="2021-03-27T11:58:27 EAT" time="172.338" errors="0">
  <testcase name="feature" time="172.338" classname="cucumberOptions.TestRunner"/>
  <system-out/>
</testsuite> <!-- cucumberOptions.TestRunner -->
