<?xml version="1.0" encoding="UTF-8"?>
<!-- Generated by org.testng.reporters.JUnitReportReporter -->
<testsuite hostname="DESKTOP-3PM2OQL" failures="0" tests="4" name="elementSuite.DynamicContentTest" time="40.067" errors="0" timestamp="2024-04-17T10:41:14 EAT" skipped="0">
  <testcase classname="elementSuite.DynamicContentTest" name="addCheckBox" time="12.039"/>
  <system-out/>
  <testcase classname="elementSuite.DynamicContentTest" name="disableInputField" time="11.208"/>
  <system-out/>
  <testcase classname="elementSuite.DynamicContentTest" name="enableInputField" time="8.360"/>
  <system-out/>
  <testcase classname="elementSuite.DynamicContentTest" name="removeCheckBox" time="8.460"/>
  <system-out/>
</testsuite> <!-- elementSuite.DynamicContentTest -->
