<?xml version="1.0" encoding="UTF-8"?>
<!-- Generated by org.testng.reporters.JUnitReportReporter -->
<testsuite hostname="DESKTOP-3PM2OQL" failures="0" tests="2" name="elementSuite.AddRemoveTest" time="25.318" errors="0" timestamp="2024-04-17T10:41:14 EAT" skipped="0">
  <testcase classname="elementSuite.AddRemoveTest" name="exclusion" time="20.472"/>
  <system-out/>
  <testcase classname="elementSuite.AddRemoveTest" name="inclusion" time="4.846"/>
  <system-out/>
</testsuite> <!-- elementSuite.AddRemoveTest -->
