<?xml version="1.0" encoding="UTF-8"?>
<!-- Generated by org.testng.reporters.JUnitReportReporter -->
<testsuite skipped="0" hostname="LT-EONYANGO" name="elementSuite.Login" tests="3" failures="0" timestamp="2021-03-16T14:51:24 EAT" time="110.934" errors="0">
  <testcase name="loginWrongUserName" time="25.285" classname="elementSuite.Login"/>
  <system-out/>
  <testcase name="loginWrongPassword" time="25.995" classname="elementSuite.Login"/>
  <system-out/>
  <testcase name="loginFullCreds" time="59.654" classname="elementSuite.Login"/>
  <system-out/>
</testsuite> <!-- elementSuite.Login -->
