<?xml version="1.0" encoding="UTF-8"?>
<!-- Generated by org.testng.reporters.JUnitReportReporter -->
<testsuite skipped="0" hostname="LT-EONYANGO" name="elementSuite.AddRemoveTest" tests="2" failures="0" timestamp="2021-03-31T11:21:25 EAT" time="34.191" errors="0">
  <testcase name="exclusion" time="26.919" classname="elementSuite.AddRemoveTest"/>
  <system-out/>
  <testcase name="inclusion" time="7.272" classname="elementSuite.AddRemoveTest"/>
  <system-out/>
</testsuite> <!-- elementSuite.AddRemoveTest -->
